{"timestamp":"2025-08-20T02:08:35.511Z","level":"INFO","message":"[Server] 🚀 Cypress Pop API server running on port 3000","data":null}
{"timestamp":"2025-08-20T02:08:35.525Z","level":"INFO","message":"[Server] 📊 Health check: http://localhost:3000/health","data":null}
{"timestamp":"2025-08-20T02:08:35.536Z","level":"INFO","message":"[Server] 📥 Download endpoints:","data":null}
{"timestamp":"2025-08-20T02:08:35.549Z","level":"INFO","message":"[Server]    - POST http://localhost:3000/download (idols)","data":null}
{"timestamp":"2025-08-20T02:08:35.572Z","level":"INFO","message":"[Server]    - POST http://localhost:3000/download/single (single post)","data":null}
{"timestamp":"2025-08-20T02:08:35.583Z","level":"INFO","message":"[Server]    - POST http://localhost:3000/download/creator (creators)","data":null}
{"timestamp":"2025-08-20T02:08:35.590Z","level":"INFO","message":"[Server] 📋 Lists: GET http://localhost:3000/idols, /creators","data":null}
{"timestamp":"2025-08-20T02:08:35.596Z","level":"INFO","message":"[Server] 📊 Status: GET http://localhost:3000/downloads/:idolName","data":null}
{"timestamp":"2025-08-20T02:08:35.603Z","level":"INFO","message":"[Server] 🧪 Test: GET http://localhost:3000/test/browser","data":null}
{"timestamp":"2025-08-20T02:08:35.614Z","level":"INFO","message":"[Server] 🧪 Test: GET http://localhost:3000/test/browser-simple","data":null}
{"timestamp":"2025-08-20T02:08:35.625Z","level":"INFO","message":"[Server] 🧪 Test: GET http://localhost:3000/test/browser-ultra-simple","data":null}
{"timestamp":"2025-08-20T02:08:35.638Z","level":"INFO","message":"[Server] 🧪 Test: GET http://localhost:3000/test/browser-alternative","data":null}
{"timestamp":"2025-08-20T04:30:45.005Z","level":"INFO","message":"[Server] 🚀 Cypress Pop API server running on port 3000","data":null}
{"timestamp":"2025-08-20T04:30:45.033Z","level":"INFO","message":"[Server] 📊 Health check: http://localhost:3000/health","data":null}
{"timestamp":"2025-08-20T04:30:45.052Z","level":"INFO","message":"[Server] 📥 Download endpoints:","data":null}
{"timestamp":"2025-08-20T04:30:45.070Z","level":"INFO","message":"[Server]    - POST http://localhost:3000/download (idols)","data":null}
{"timestamp":"2025-08-20T04:30:45.094Z","level":"INFO","message":"[Server]    - POST http://localhost:3000/download/single (single post)","data":null}
{"timestamp":"2025-08-20T04:30:45.113Z","level":"INFO","message":"[Server]    - POST http://localhost:3000/download/creator (creators)","data":null}
{"timestamp":"2025-08-20T04:30:45.139Z","level":"INFO","message":"[Server] 📋 Lists: GET http://localhost:3000/idols, /creators","data":null}
{"timestamp":"2025-08-20T04:30:45.159Z","level":"INFO","message":"[Server] 📊 Status: GET http://localhost:3000/downloads/:idolName","data":null}
{"timestamp":"2025-08-20T04:30:45.185Z","level":"INFO","message":"[Server] 🧪 Test: GET http://localhost:3000/test/browser","data":null}
{"timestamp":"2025-08-20T04:30:45.203Z","level":"INFO","message":"[Server] 🧪 Test: GET http://localhost:3000/test/browser-simple","data":null}
{"timestamp":"2025-08-20T04:30:45.225Z","level":"INFO","message":"[Server] 🧪 Test: GET http://localhost:3000/test/browser-ultra-simple","data":null}
{"timestamp":"2025-08-20T04:30:45.241Z","level":"INFO","message":"[Server] 🧪 Test: GET http://localhost:3000/test/browser-alternative","data":null}
