{"timestamp":"2025-08-19T04:25:24.989Z","level":"INFO","message":"[Server] 🚀 Cypress Pop API server running on port 3000","data":null}
{"timestamp":"2025-08-19T04:25:25.001Z","level":"INFO","message":"[Server] 📊 Health check: http://localhost:3000/health","data":null}
{"timestamp":"2025-08-19T04:25:25.006Z","level":"INFO","message":"[Server] 📥 Download endpoints:","data":null}
{"timestamp":"2025-08-19T04:25:25.010Z","level":"INFO","message":"[Server]    - POST http://localhost:3000/download (idols)","data":null}
{"timestamp":"2025-08-19T04:25:25.018Z","level":"INFO","message":"[Server]    - POST http://localhost:3000/download/single (single post)","data":null}
{"timestamp":"2025-08-19T04:25:25.024Z","level":"INFO","message":"[Server]    - POST http://localhost:3000/download/creator (creators)","data":null}
{"timestamp":"2025-08-19T04:25:25.033Z","level":"INFO","message":"[Server] 📋 Lists: GET http://localhost:3000/idols, /creators","data":null}
{"timestamp":"2025-08-19T04:25:25.047Z","level":"INFO","message":"[Server] 📊 Status: GET http://localhost:3000/downloads/:idolName","data":null}
{"timestamp":"2025-08-19T04:25:25.067Z","level":"INFO","message":"[Server] 🧪 Test: GET http://localhost:3000/test/browser","data":null}
{"timestamp":"2025-08-19T04:25:25.073Z","level":"INFO","message":"[Server] 🧪 Test: GET http://localhost:3000/test/browser-simple","data":null}
{"timestamp":"2025-08-19T04:25:25.079Z","level":"INFO","message":"[Server] 🧪 Test: GET http://localhost:3000/test/browser-ultra-simple","data":null}
{"timestamp":"2025-08-19T04:25:25.086Z","level":"INFO","message":"[Server] 🧪 Test: GET http://localhost:3000/test/browser-alternative","data":null}
{"timestamp":"2025-08-19T13:18:50.145Z","level":"INFO","message":"[Server] 🚀 Cypress Pop API server running on port 3000","data":null}
{"timestamp":"2025-08-19T13:18:50.151Z","level":"INFO","message":"[Server] 📊 Health check: http://localhost:3000/health","data":null}
{"timestamp":"2025-08-19T13:18:50.156Z","level":"INFO","message":"[Server] 📥 Download endpoints:","data":null}
{"timestamp":"2025-08-19T13:18:50.159Z","level":"INFO","message":"[Server]    - POST http://localhost:3000/download (idols)","data":null}
{"timestamp":"2025-08-19T13:18:50.162Z","level":"INFO","message":"[Server]    - POST http://localhost:3000/download/single (single post)","data":null}
{"timestamp":"2025-08-19T13:18:50.167Z","level":"INFO","message":"[Server]    - POST http://localhost:3000/download/creator (creators)","data":null}
{"timestamp":"2025-08-19T13:18:50.171Z","level":"INFO","message":"[Server] 📋 Lists: GET http://localhost:3000/idols, /creators","data":null}
{"timestamp":"2025-08-19T13:18:50.174Z","level":"INFO","message":"[Server] 📊 Status: GET http://localhost:3000/downloads/:idolName","data":null}
{"timestamp":"2025-08-19T13:18:50.177Z","level":"INFO","message":"[Server] 🧪 Test: GET http://localhost:3000/test/browser","data":null}
{"timestamp":"2025-08-19T13:18:50.181Z","level":"INFO","message":"[Server] 🧪 Test: GET http://localhost:3000/test/browser-simple","data":null}
{"timestamp":"2025-08-19T13:18:50.186Z","level":"INFO","message":"[Server] 🧪 Test: GET http://localhost:3000/test/browser-ultra-simple","data":null}
{"timestamp":"2025-08-19T13:18:50.190Z","level":"INFO","message":"[Server] 🧪 Test: GET http://localhost:3000/test/browser-alternative","data":null}
