{"timestamp":"2025-08-31T06:25:46.179Z","level":"INFO","message":"[Server] 🚀 Cypress Pop API server running on port 3000","data":null}
{"timestamp":"2025-08-31T06:25:46.181Z","level":"INFO","message":"[Server] 📊 Health check: http://localhost:3000/health","data":null}
{"timestamp":"2025-08-31T06:25:46.190Z","level":"INFO","message":"[Server] 📥 Download endpoints:","data":null}
{"timestamp":"2025-08-31T06:25:46.196Z","level":"INFO","message":"[Server]    - POST http://localhost:3000/download (idols)","data":null}
{"timestamp":"2025-08-31T06:25:46.203Z","level":"INFO","message":"[Server]    - POST http://localhost:3000/download/single (single post)","data":null}
{"timestamp":"2025-08-31T06:25:46.210Z","level":"INFO","message":"[Server]    - POST http://localhost:3000/download/creator (creators)","data":null}
{"timestamp":"2025-08-31T06:25:46.217Z","level":"INFO","message":"[Server] 📋 Lists: GET http://localhost:3000/idols, /creators","data":null}
{"timestamp":"2025-08-31T06:25:46.225Z","level":"INFO","message":"[Server] 📊 Status: GET http://localhost:3000/downloads/:idolName","data":null}
{"timestamp":"2025-08-31T06:25:46.232Z","level":"INFO","message":"[Server] 🧪 Test: GET http://localhost:3000/test/browser","data":null}
{"timestamp":"2025-08-31T06:25:46.240Z","level":"INFO","message":"[Server] 🧪 Test: GET http://localhost:3000/test/browser-simple","data":null}
{"timestamp":"2025-08-31T06:25:46.248Z","level":"INFO","message":"[Server] 🧪 Test: GET http://localhost:3000/test/browser-ultra-simple","data":null}
{"timestamp":"2025-08-31T06:25:46.257Z","level":"INFO","message":"[Server] 🧪 Test: GET http://localhost:3000/test/browser-alternative","data":null}
{"timestamp":"2025-08-31T06:29:49.651Z","level":"INFO","message":"[Server] 🚀 Cypress Pop API server running on port 3000","data":null}
{"timestamp":"2025-08-31T06:29:49.653Z","level":"INFO","message":"[Server] 📊 Health check: http://localhost:3000/health","data":null}
{"timestamp":"2025-08-31T06:29:49.665Z","level":"INFO","message":"[Server] 📥 Download endpoints:","data":null}
{"timestamp":"2025-08-31T06:29:49.675Z","level":"INFO","message":"[Server]    - POST http://localhost:3000/download (idols)","data":null}
{"timestamp":"2025-08-31T06:29:49.685Z","level":"INFO","message":"[Server]    - POST http://localhost:3000/download/single (single post)","data":null}
{"timestamp":"2025-08-31T06:29:49.695Z","level":"INFO","message":"[Server]    - POST http://localhost:3000/download/creator (creators)","data":null}
{"timestamp":"2025-08-31T06:29:49.709Z","level":"INFO","message":"[Server] 📋 Lists: GET http://localhost:3000/idols, /creators","data":null}
{"timestamp":"2025-08-31T06:29:49.719Z","level":"INFO","message":"[Server] 📊 Status: GET http://localhost:3000/downloads/:idolName","data":null}
{"timestamp":"2025-08-31T06:29:49.733Z","level":"INFO","message":"[Server] 🧪 Test: GET http://localhost:3000/test/browser","data":null}
{"timestamp":"2025-08-31T06:29:49.744Z","level":"INFO","message":"[Server] 🧪 Test: GET http://localhost:3000/test/browser-simple","data":null}
{"timestamp":"2025-08-31T06:29:49.753Z","level":"INFO","message":"[Server] 🧪 Test: GET http://localhost:3000/test/browser-ultra-simple","data":null}
{"timestamp":"2025-08-31T06:29:49.765Z","level":"INFO","message":"[Server] 🧪 Test: GET http://localhost:3000/test/browser-alternative","data":null}
{"timestamp":"2025-08-31T06:30:09.754Z","level":"INFO","message":"[Server] 🚀 Cypress Pop API server running on port 3000","data":null}
{"timestamp":"2025-08-31T06:30:09.756Z","level":"INFO","message":"[Server] 📊 Health check: http://localhost:3000/health","data":null}
{"timestamp":"2025-08-31T06:30:09.771Z","level":"INFO","message":"[Server] 📥 Download endpoints:","data":null}
{"timestamp":"2025-08-31T06:30:09.783Z","level":"INFO","message":"[Server]    - POST http://localhost:3000/download (idols)","data":null}
{"timestamp":"2025-08-31T06:30:09.794Z","level":"INFO","message":"[Server]    - POST http://localhost:3000/download/single (single post)","data":null}
{"timestamp":"2025-08-31T06:30:09.804Z","level":"INFO","message":"[Server]    - POST http://localhost:3000/download/creator (creators)","data":null}
{"timestamp":"2025-08-31T06:30:09.813Z","level":"INFO","message":"[Server] 📋 Lists: GET http://localhost:3000/idols, /creators","data":null}
{"timestamp":"2025-08-31T06:30:09.824Z","level":"INFO","message":"[Server] 📊 Status: GET http://localhost:3000/downloads/:idolName","data":null}
{"timestamp":"2025-08-31T06:30:09.833Z","level":"INFO","message":"[Server] 🧪 Test: GET http://localhost:3000/test/browser","data":null}
{"timestamp":"2025-08-31T06:30:09.843Z","level":"INFO","message":"[Server] 🧪 Test: GET http://localhost:3000/test/browser-simple","data":null}
{"timestamp":"2025-08-31T06:30:09.854Z","level":"INFO","message":"[Server] 🧪 Test: GET http://localhost:3000/test/browser-ultra-simple","data":null}
{"timestamp":"2025-08-31T06:30:09.864Z","level":"INFO","message":"[Server] 🧪 Test: GET http://localhost:3000/test/browser-alternative","data":null}
