{"timestamp":"2025-08-23T15:21:45.011Z","level":"INFO","message":"[Server] 游 Cypress Pop API server running on port 3000","data":null}
{"timestamp":"2025-08-23T15:21:45.020Z","level":"INFO","message":"[Server] 游늵 Health check: http://localhost:3000/health","data":null}
{"timestamp":"2025-08-23T15:21:45.040Z","level":"INFO","message":"[Server] 游닌 Download endpoints:","data":null}
{"timestamp":"2025-08-23T15:21:45.057Z","level":"INFO","message":"[Server]    - POST http://localhost:3000/download (idols)","data":null}
{"timestamp":"2025-08-23T15:21:45.077Z","level":"INFO","message":"[Server]    - POST http://localhost:3000/download/single (single post)","data":null}
{"timestamp":"2025-08-23T15:21:45.098Z","level":"INFO","message":"[Server]    - POST http://localhost:3000/download/creator (creators)","data":null}
{"timestamp":"2025-08-23T15:21:45.116Z","level":"INFO","message":"[Server] 游늶 Lists: GET http://localhost:3000/idols, /creators","data":null}
{"timestamp":"2025-08-23T15:21:45.137Z","level":"INFO","message":"[Server] 游늵 Status: GET http://localhost:3000/downloads/:idolName","data":null}
{"timestamp":"2025-08-23T15:21:45.156Z","level":"INFO","message":"[Server] 游빍 Test: GET http://localhost:3000/test/browser","data":null}
{"timestamp":"2025-08-23T15:21:45.182Z","level":"INFO","message":"[Server] 游빍 Test: GET http://localhost:3000/test/browser-simple","data":null}
{"timestamp":"2025-08-23T15:21:45.206Z","level":"INFO","message":"[Server] 游빍 Test: GET http://localhost:3000/test/browser-ultra-simple","data":null}
{"timestamp":"2025-08-23T15:21:45.239Z","level":"INFO","message":"[Server] 游빍 Test: GET http://localhost:3000/test/browser-alternative","data":null}
{"timestamp":"2025-08-23T17:05:17.195Z","level":"INFO","message":"[Server] 游 Cypress Pop API server running on port 3000","data":null}
{"timestamp":"2025-08-23T17:05:17.203Z","level":"INFO","message":"[Server] 游늵 Health check: http://localhost:3000/health","data":null}
{"timestamp":"2025-08-23T17:05:17.230Z","level":"INFO","message":"[Server] 游닌 Download endpoints:","data":null}
{"timestamp":"2025-08-23T17:05:17.248Z","level":"INFO","message":"[Server]    - POST http://localhost:3000/download (idols)","data":null}
{"timestamp":"2025-08-23T17:05:17.269Z","level":"INFO","message":"[Server]    - POST http://localhost:3000/download/single (single post)","data":null}
{"timestamp":"2025-08-23T17:05:17.291Z","level":"INFO","message":"[Server]    - POST http://localhost:3000/download/creator (creators)","data":null}
{"timestamp":"2025-08-23T17:05:17.321Z","level":"INFO","message":"[Server] 游늶 Lists: GET http://localhost:3000/idols, /creators","data":null}
{"timestamp":"2025-08-23T17:05:17.347Z","level":"INFO","message":"[Server] 游늵 Status: GET http://localhost:3000/downloads/:idolName","data":null}
{"timestamp":"2025-08-23T17:05:17.370Z","level":"INFO","message":"[Server] 游빍 Test: GET http://localhost:3000/test/browser","data":null}
{"timestamp":"2025-08-23T17:05:17.395Z","level":"INFO","message":"[Server] 游빍 Test: GET http://localhost:3000/test/browser-simple","data":null}
{"timestamp":"2025-08-23T17:05:17.421Z","level":"INFO","message":"[Server] 游빍 Test: GET http://localhost:3000/test/browser-ultra-simple","data":null}
{"timestamp":"2025-08-23T17:05:17.448Z","level":"INFO","message":"[Server] 游빍 Test: GET http://localhost:3000/test/browser-alternative","data":null}
{"timestamp":"2025-08-23T17:36:43.491Z","level":"INFO","message":"[Server] 游 Cypress Pop API server running on port 3000","data":null}
{"timestamp":"2025-08-23T17:36:43.494Z","level":"INFO","message":"[Server] 游늵 Health check: http://localhost:3000/health","data":null}
{"timestamp":"2025-08-23T17:36:43.509Z","level":"INFO","message":"[Server] 游닌 Download endpoints:","data":null}
{"timestamp":"2025-08-23T17:36:43.521Z","level":"INFO","message":"[Server]    - POST http://localhost:3000/download (idols)","data":null}
{"timestamp":"2025-08-23T17:36:43.536Z","level":"INFO","message":"[Server]    - POST http://localhost:3000/download/single (single post)","data":null}
{"timestamp":"2025-08-23T17:36:43.549Z","level":"INFO","message":"[Server]    - POST http://localhost:3000/download/creator (creators)","data":null}
{"timestamp":"2025-08-23T17:36:43.569Z","level":"INFO","message":"[Server] 游늶 Lists: GET http://localhost:3000/idols, /creators","data":null}
{"timestamp":"2025-08-23T17:36:43.582Z","level":"INFO","message":"[Server] 游늵 Status: GET http://localhost:3000/downloads/:idolName","data":null}
{"timestamp":"2025-08-23T17:36:43.598Z","level":"INFO","message":"[Server] 游빍 Test: GET http://localhost:3000/test/browser","data":null}
{"timestamp":"2025-08-23T17:36:43.611Z","level":"INFO","message":"[Server] 游빍 Test: GET http://localhost:3000/test/browser-simple","data":null}
{"timestamp":"2025-08-23T17:36:43.624Z","level":"INFO","message":"[Server] 游빍 Test: GET http://localhost:3000/test/browser-ultra-simple","data":null}
{"timestamp":"2025-08-23T17:36:43.637Z","level":"INFO","message":"[Server] 游빍 Test: GET http://localhost:3000/test/browser-alternative","data":null}
{"timestamp":"2025-08-23T18:42:39.143Z","level":"INFO","message":"[Server] 游 Cypress Pop API server running on port 3000","data":null}
{"timestamp":"2025-08-23T18:42:39.162Z","level":"INFO","message":"[Server] 游늵 Health check: http://localhost:3000/health","data":null}
{"timestamp":"2025-08-23T18:42:39.176Z","level":"INFO","message":"[Server] 游닌 Download endpoints:","data":null}
{"timestamp":"2025-08-23T18:42:39.190Z","level":"INFO","message":"[Server]    - POST http://localhost:3000/download (idols)","data":null}
{"timestamp":"2025-08-23T18:42:39.207Z","level":"INFO","message":"[Server]    - POST http://localhost:3000/download/single (single post)","data":null}
{"timestamp":"2025-08-23T18:42:39.217Z","level":"INFO","message":"[Server]    - POST http://localhost:3000/download/creator (creators)","data":null}
{"timestamp":"2025-08-23T18:42:39.230Z","level":"INFO","message":"[Server] 游늶 Lists: GET http://localhost:3000/idols, /creators","data":null}
{"timestamp":"2025-08-23T18:42:39.244Z","level":"INFO","message":"[Server] 游늵 Status: GET http://localhost:3000/downloads/:idolName","data":null}
{"timestamp":"2025-08-23T18:42:39.260Z","level":"INFO","message":"[Server] 游빍 Test: GET http://localhost:3000/test/browser","data":null}
{"timestamp":"2025-08-23T18:42:39.273Z","level":"INFO","message":"[Server] 游빍 Test: GET http://localhost:3000/test/browser-simple","data":null}
{"timestamp":"2025-08-23T18:42:39.292Z","level":"INFO","message":"[Server] 游빍 Test: GET http://localhost:3000/test/browser-ultra-simple","data":null}
{"timestamp":"2025-08-23T18:42:39.299Z","level":"INFO","message":"[Server] 游빍 Test: GET http://localhost:3000/test/browser-alternative","data":null}
